# JRE version: OpenJDK Runtime Environment (8.0_242-b01) (build 1.8.0_242-release-1644-b01)
# Java VM: OpenJDK 64-Bit Server VM (25.242-b01 mixed mode windows-amd64 compressed oops)
Heap:
 PSYoungGen      total 292352K, used 64054K [0x00000000e0000000, 0x00000000f3d80000, 0x0000000100000000)
  eden space 259584K, 20% used [0x00000000e0000000,0x00000000e3416b38,0x00000000efd80000)
  from space 32768K, 32% used [0x00000000efd80000,0x00000000f07f6e70,0x00000000f1d80000)
  to   space 24576K, 0% used [0x00000000f2580000,0x00000000f2580000,0x00000000f3d80000)
 ParOldGen       total 142336K, used 54724K [0x00000000a0000000, 0x00000000a8b00000, 0x00000000e0000000)
  object space 142336K, 38% used [0x00000000a0000000,0x00000000a3571070,0x00000000a8b00000)
 Metaspace       used 98790K, capacity 103428K, committed 103728K, reserved 1138688K
  class space    used 13078K, capacity 14032K, committed 14128K, reserved 1048576K
GC Heap History (10 events):
Event: 11.650 GC heap before
{Heap before GC invocations=15 (full 3):
 PSYoungGen      total 212480K, used 205883K [0x00000000e0000000, 0x00000000f0d00000, 0x0000000100000000)
  eden space 190976K, 100% used [0x00000000e0000000,0x00000000eba80000,0x00000000eba80000)
  from space 21504K, 69% used [0x00000000eba80000,0x00000000ec90ee98,0x00000000ecf80000)
  to   space 22016K, 0% used [0x00000000ef780000,0x00000000ef780000,0x00000000f0d00000)
 ParOldGen       total 142336K, used 34187K [0x00000000a0000000, 0x00000000a8b00000, 0x00000000e0000000)
  object space 142336K, 24% used [0x00000000a0000000,0x00000000a2162cd0,0x00000000a8b00000)
 Metaspace       used 72673K, capacity 75698K, committed 75824K, reserved 1114112K
  class space    used 9862K, capacity 10460K, committed 10544K, reserved 1048576K
Event: 11.683 GC heap after
Heap after GC invocations=15 (full 3):
 PSYoungGen      total 248320K, used 22006K [0x00000000e0000000, 0x00000000f1380000, 0x0000000100000000)
  eden space 226304K, 0% used [0x00000000e0000000,0x00000000e0000000,0x00000000edd00000)
  from space 22016K, 99% used [0x00000000ef780000,0x00000000f0cfd8f0,0x00000000f0d00000)
  to   space 27136K, 0% used [0x00000000edd00000,0x00000000edd00000,0x00000000ef780000)
 ParOldGen       total 142336K, used 38950K [0x00000000a0000000, 0x00000000a8b00000, 0x00000000e0000000)
  object space 142336K, 27% used [0x00000000a0000000,0x00000000a2609a38,0x00000000a8b00000)
 Metaspace       used 72673K, capacity 75698K, committed 75824K, reserved 1114112K
  class space    used 9862K, capacity 10460K, committed 10544K, reserved 1048576K
}
Event: 14.374 GC heap before
{Heap before GC invocations=16 (full 3):
 PSYoungGen      total 248320K, used 248310K [0x00000000e0000000, 0x00000000f1380000, 0x0000000100000000)
  eden space 226304K, 100% used [0x00000000e0000000,0x00000000edd00000,0x00000000edd00000)
  from space 22016K, 99% used [0x00000000ef780000,0x00000000f0cfd8f0,0x00000000f0d00000)
  to   space 27136K, 0% used [0x00000000edd00000,0x00000000edd00000,0x00000000ef780000)
 ParOldGen       total 142336K, used 38950K [0x00000000a0000000, 0x00000000a8b00000, 0x00000000e0000000)
  object space 142336K, 27% used [0x00000000a0000000,0x00000000a2609a38,0x00000000a8b00000)
 Metaspace       used 85594K, capacity 89768K, committed 90032K, reserved 1126400K
  class space    used 11674K, capacity 12431K, committed 12464K, reserved 1048576K
Event: 14.410 GC heap after
Heap after GC invocations=16 (full 3):
 PSYoungGen      total 253440K, used 27119K [0x00000000e0000000, 0x00000000f4600000, 0x0000000100000000)
  eden space 226304K, 0% used [0x00000000e0000000,0x00000000e0000000,0x00000000edd00000)
  from space 27136K, 99% used [0x00000000edd00000,0x00000000ef77bf20,0x00000000ef780000)
  to   space 33280K, 0% used [0x00000000f2580000,0x00000000f2580000,0x00000000f4600000)
 ParOldGen       total 142336K, used 45119K [0x00000000a0000000, 0x00000000a8b00000, 0x00000000e0000000)
  object space 142336K, 31% used [0x00000000a0000000,0x00000000a2c0fd68,0x00000000a8b00000)
 Metaspace       used 85594K, capacity 89768K, committed 90032K, reserved 1126400K
  class space    used 11674K, capacity 12431K, committed 12464K, reserved 1048576K
}
Event: 1472.895 GC heap before
{Heap before GC invocations=17 (full 3):
 PSYoungGen      total 253440K, used 203491K [0x00000000e0000000, 0x00000000f4600000, 0x0000000100000000)
  eden space 226304K, 77% used [0x00000000e0000000,0x00000000eac3ce00,0x00000000edd00000)
  from space 27136K, 99% used [0x00000000edd00000,0x00000000ef77bf20,0x00000000ef780000)
  to   space 33280K, 0% used [0x00000000f2580000,0x00000000f2580000,0x00000000f4600000)
 ParOldGen       total 142336K, used 45119K [0x00000000a0000000, 0x00000000a8b00000, 0x00000000e0000000)
  object space 142336K, 31% used [0x00000000a0000000,0x00000000a2c0fd68,0x00000000a8b00000)
 Metaspace       used 93894K, capacity 98506K, committed 98600K, reserved 1134592K
  class space    used 12585K, capacity 13430K, committed 13488K, reserved 1048576K
Event: 1472.973 GC heap after
Heap after GC invocations=17 (full 3):
 PSYoungGen      total 284160K, used 17610K [0x00000000e0000000, 0x00000000f3d80000, 0x0000000100000000)
  eden space 259584K, 0% used [0x00000000e0000000,0x00000000e0000000,0x00000000efd80000)
  from space 24576K, 71% used [0x00000000f2580000,0x00000000f36b28e8,0x00000000f3d80000)
  to   space 32768K, 0% used [0x00000000efd80000,0x00000000efd80000,0x00000000f1d80000)
 ParOldGen       total 142336K, used 61121K [0x00000000a0000000, 0x00000000a8b00000, 0x00000000e0000000)
  object space 142336K, 42% used [0x00000000a0000000,0x00000000a3bb0558,0x00000000a8b00000)
 Metaspace       used 93894K, capacity 98506K, committed 98600K, reserved 1134592K
  class space    used 12585K, capacity 13430K, committed 13488K, reserved 1048576K
}
Event: 1472.973 GC heap before
{Heap before GC invocations=18 (full 4):
 PSYoungGen      total 284160K, used 17610K [0x00000000e0000000, 0x00000000f3d80000, 0x0000000100000000)
  eden space 259584K, 0% used [0x00000000e0000000,0x00000000e0000000,0x00000000efd80000)
  from space 24576K, 71% used [0x00000000f2580000,0x00000000f36b28e8,0x00000000f3d80000)
  to   space 32768K, 0% used [0x00000000efd80000,0x00000000efd80000,0x00000000f1d80000)
 ParOldGen       total 142336K, used 61121K [0x00000000a0000000, 0x00000000a8b00000, 0x00000000e0000000)
  object space 142336K, 42% used [0x00000000a0000000,0x00000000a3bb0558,0x00000000a8b00000)
 Metaspace       used 93894K, capacity 98506K, committed 98600K, reserved 1134592K
  class space    used 12585K, capacity 13430K, committed 13488K, reserved 1048576K
Event: 1473.261 GC heap after
Heap after GC invocations=18 (full 4):
 PSYoungGen      total 284160K, used 0K [0x00000000e0000000, 0x00000000f3d80000, 0x0000000100000000)
  eden space 259584K, 0% used [0x00000000e0000000,0x00000000e0000000,0x00000000efd80000)
  from space 24576K, 0% used [0x00000000f2580000,0x00000000f2580000,0x00000000f3d80000)
  to   space 32768K, 0% used [0x00000000efd80000,0x00000000efd80000,0x00000000f1d80000)
 ParOldGen       total 142336K, used 54716K [0x00000000a0000000, 0x00000000a8b00000, 0x00000000e0000000)
  object space 142336K, 38% used [0x00000000a0000000,0x00000000a356f070,0x00000000a8b00000)
 Metaspace       used 93599K, capacity 97684K, committed 98600K, reserved 1134592K
  class space    used 12485K, capacity 13255K, committed 13488K, reserved 1048576K
}
Event: 1520.681 GC heap before
{Heap before GC invocations=19 (full 4):
 PSYoungGen      total 284160K, used 259584K [0x00000000e0000000, 0x00000000f3d80000, 0x0000000100000000)
  eden space 259584K, 100% used [0x00000000e0000000,0x00000000efd80000,0x00000000efd80000)
  from space 24576K, 0% used [0x00000000f2580000,0x00000000f2580000,0x00000000f3d80000)
  to   space 32768K, 0% used [0x00000000efd80000,0x00000000efd80000,0x00000000f1d80000)
 ParOldGen       total 142336K, used 54716K [0x00000000a0000000, 0x00000000a8b00000, 0x00000000e0000000)
  object space 142336K, 38% used [0x00000000a0000000,0x00000000a356f070,0x00000000a8b00000)
 Metaspace       used 98607K, capacity 103290K, committed 103472K, reserved 1138688K
  class space    used 13065K, capacity 14009K, committed 14128K, reserved 1048576K
Event: 1520.698 GC heap after
Heap after GC invocations=19 (full 4):
 PSYoungGen      total 292352K, used 10715K [0x00000000e0000000, 0x00000000f3d80000, 0x0000000100000000)
  eden space 259584K, 0% used [0x00000000e0000000,0x00000000e0000000,0x00000000efd80000)
  from space 32768K, 32% used [0x00000000efd80000,0x00000000f07f6e70,0x00000000f1d80000)
  to   space 24576K, 0% used [0x00000000f2580000,0x00000000f2580000,0x00000000f3d80000)
 ParOldGen       total 142336K, used 54724K [0x00000000a0000000, 0x00000000a8b00000, 0x00000000e0000000)
  object space 142336K, 38% used [0x00000000a0000000,0x00000000a3571070,0x00000000a8b00000)
 Metaspace       used 98607K, capacity 103290K, committed 103472K, reserved 1138688K
  class space    used 13065K, capacity 14009K, committed 14128K, reserved 1048576K
}

