# JRE version: OpenJDK Runtime Environment (8.0_242-b01) (build 1.8.0_242-release-1644-b01)
# Java VM: OpenJDK 64-Bit Server VM (25.242-b01 mixed mode windows-amd64 compressed oops)
Heap:
 PSYoungGen      total 278016K, used 85711K [0x00000000e0000000, 0x00000000f5580000, 0x0000000100000000)
  eden space 249856K, 34% used [0x00000000e0000000,0x00000000e53b3c48,0x00000000ef400000)
  from space 28160K, 0% used [0x00000000ef400000,0x00000000ef400000,0x00000000f0f80000)
  to   space 29184K, 0% used [0x00000000f3900000,0x00000000f3900000,0x00000000f5580000)
 ParOldGen       total 183808K, used 51724K [0x00000000a0000000, 0x00000000ab380000, 0x00000000e0000000)
  object space 183808K, 28% used [0x00000000a0000000,0x00000000a32832f0,0x00000000ab380000)
 Metaspace       used 96161K, capacity 100566K, committed 101424K, reserved 1136640K
  class space    used 12775K, capacity 13628K, committed 13872K, reserved 1048576K
GC Heap History (10 events):
Event: 38.168 GC heap before
{Heap before GC invocations=17 (full 3):
 PSYoungGen      total 200704K, used 200690K [0x00000000e0000000, 0x00000000f0b00000, 0x0000000100000000)
  eden space 181248K, 100% used [0x00000000e0000000,0x00000000eb100000,0x00000000eb100000)
  from space 19456K, 99% used [0x00000000eb100000,0x00000000ec3fc880,0x00000000ec400000)
  to   space 24576K, 0% used [0x00000000ef300000,0x00000000ef300000,0x00000000f0b00000)
 ParOldGen       total 127488K, used 35512K [0x00000000a0000000, 0x00000000a7c80000, 0x00000000e0000000)
  object space 127488K, 27% used [0x00000000a0000000,0x00000000a22ae070,0x00000000a7c80000)
 Metaspace       used 69287K, capacity 72280K, committed 72496K, reserved 1112064K
  class space    used 9422K, capacity 9995K, committed 10032K, reserved 1048576K
Event: 38.198 GC heap after
Heap after GC invocations=17 (full 3):
 PSYoungGen      total 234496K, used 12338K [0x00000000e0000000, 0x00000000f0380000, 0x0000000100000000)
  eden space 217600K, 0% used [0x00000000e0000000,0x00000000e0000000,0x00000000ed480000)
  from space 16896K, 73% used [0x00000000ef300000,0x00000000eff0ca80,0x00000000f0380000)
  to   space 24064K, 0% used [0x00000000ed480000,0x00000000ed480000,0x00000000eec00000)
 ParOldGen       total 127488K, used 52962K [0x00000000a0000000, 0x00000000a7c80000, 0x00000000e0000000)
  object space 127488K, 41% used [0x00000000a0000000,0x00000000a33b8be0,0x00000000a7c80000)
 Metaspace       used 69287K, capacity 72280K, committed 72496K, reserved 1112064K
  class space    used 9422K, capacity 9995K, committed 10032K, reserved 1048576K
}
Event: 43.204 GC heap before
{Heap before GC invocations=18 (full 3):
 PSYoungGen      total 234496K, used 229938K [0x00000000e0000000, 0x00000000f0380000, 0x0000000100000000)
  eden space 217600K, 100% used [0x00000000e0000000,0x00000000ed480000,0x00000000ed480000)
  from space 16896K, 73% used [0x00000000ef300000,0x00000000eff0ca80,0x00000000f0380000)
  to   space 24064K, 0% used [0x00000000ed480000,0x00000000ed480000,0x00000000eec00000)
 ParOldGen       total 127488K, used 52962K [0x00000000a0000000, 0x00000000a7c80000, 0x00000000e0000000)
  object space 127488K, 41% used [0x00000000a0000000,0x00000000a33b8be0,0x00000000a7c80000)
 Metaspace       used 84034K, capacity 88306K, committed 88624K, reserved 1126400K
  class space    used 11436K, capacity 12216K, committed 12336K, reserved 1048576K
Event: 43.241 GC heap after
Heap after GC invocations=18 (full 3):
 PSYoungGen      total 241664K, used 21200K [0x00000000e0000000, 0x00000000f2f00000, 0x0000000100000000)
  eden space 217600K, 0% used [0x00000000e0000000,0x00000000e0000000,0x00000000ed480000)
  from space 24064K, 88% used [0x00000000ed480000,0x00000000ee9342b8,0x00000000eec00000)
  to   space 26624K, 0% used [0x00000000f1500000,0x00000000f1500000,0x00000000f2f00000)
 ParOldGen       total 127488K, used 52970K [0x00000000a0000000, 0x00000000a7c80000, 0x00000000e0000000)
  object space 127488K, 41% used [0x00000000a0000000,0x00000000a33babe0,0x00000000a7c80000)
 Metaspace       used 84034K, capacity 88306K, committed 88624K, reserved 1126400K
  class space    used 11436K, capacity 12216K, committed 12336K, reserved 1048576K
}
Event: 452.679 GC heap before
{Heap before GC invocations=19 (full 3):
 PSYoungGen      total 241664K, used 238800K [0x00000000e0000000, 0x00000000f2f00000, 0x0000000100000000)
  eden space 217600K, 100% used [0x00000000e0000000,0x00000000ed480000,0x00000000ed480000)
  from space 24064K, 88% used [0x00000000ed480000,0x00000000ee9342b8,0x00000000eec00000)
  to   space 26624K, 0% used [0x00000000f1500000,0x00000000f1500000,0x00000000f2f00000)
 ParOldGen       total 127488K, used 52970K [0x00000000a0000000, 0x00000000a7c80000, 0x00000000e0000000)
  object space 127488K, 41% used [0x00000000a0000000,0x00000000a33babe0,0x00000000a7c80000)
 Metaspace       used 90804K, capacity 95618K, committed 95792K, reserved 1132544K
  class space    used 12112K, capacity 13021K, committed 13104K, reserved 1048576K
Event: 452.706 GC heap after
Heap after GC invocations=19 (full 3):
 PSYoungGen      total 272384K, used 19665K [0x00000000e0000000, 0x00000000f2b00000, 0x0000000100000000)
  eden space 249856K, 0% used [0x00000000e0000000,0x00000000e0000000,0x00000000ef400000)
  from space 22528K, 87% used [0x00000000f1500000,0x00000000f2834778,0x00000000f2b00000)
  to   space 28160K, 0% used [0x00000000ef400000,0x00000000ef400000,0x00000000f0f80000)
 ParOldGen       total 127488K, used 52978K [0x00000000a0000000, 0x00000000a7c80000, 0x00000000e0000000)
  object space 127488K, 41% used [0x00000000a0000000,0x00000000a33bcbe0,0x00000000a7c80000)
 Metaspace       used 90804K, capacity 95618K, committed 95792K, reserved 1132544K
  class space    used 12112K, capacity 13021K, committed 13104K, reserved 1048576K
}
Event: 453.501 GC heap before
{Heap before GC invocations=20 (full 3):
 PSYoungGen      total 272384K, used 78711K [0x00000000e0000000, 0x00000000f2b00000, 0x0000000100000000)
  eden space 249856K, 23% used [0x00000000e0000000,0x00000000e39a95d0,0x00000000ef400000)
  from space 22528K, 87% used [0x00000000f1500000,0x00000000f2834778,0x00000000f2b00000)
  to   space 28160K, 0% used [0x00000000ef400000,0x00000000ef400000,0x00000000f0f80000)
 ParOldGen       total 127488K, used 52978K [0x00000000a0000000, 0x00000000a7c80000, 0x00000000e0000000)
  object space 127488K, 41% used [0x00000000a0000000,0x00000000a33bcbe0,0x00000000a7c80000)
 Metaspace       used 93505K, capacity 98382K, committed 98600K, reserved 1134592K
  class space    used 12475K, capacity 13382K, committed 13488K, reserved 1048576K
Event: 453.549 GC heap after
Heap after GC invocations=20 (full 3):
 PSYoungGen      total 278016K, used 19670K [0x00000000e0000000, 0x00000000f5580000, 0x0000000100000000)
  eden space 249856K, 0% used [0x00000000e0000000,0x00000000e0000000,0x00000000ef400000)
  from space 28160K, 69% used [0x00000000ef400000,0x00000000f07358f8,0x00000000f0f80000)
  to   space 29184K, 0% used [0x00000000f3900000,0x00000000f3900000,0x00000000f5580000)
 ParOldGen       total 127488K, used 52986K [0x00000000a0000000, 0x00000000a7c80000, 0x00000000e0000000)
  object space 127488K, 41% used [0x00000000a0000000,0x00000000a33bebe0,0x00000000a7c80000)
 Metaspace       used 93505K, capacity 98382K, committed 98600K, reserved 1134592K
  class space    used 12475K, capacity 13382K, committed 13488K, reserved 1048576K
}
Event: 453.549 GC heap before
{Heap before GC invocations=21 (full 4):
 PSYoungGen      total 278016K, used 19670K [0x00000000e0000000, 0x00000000f5580000, 0x0000000100000000)
  eden space 249856K, 0% used [0x00000000e0000000,0x00000000e0000000,0x00000000ef400000)
  from space 28160K, 69% used [0x00000000ef400000,0x00000000f07358f8,0x00000000f0f80000)
  to   space 29184K, 0% used [0x00000000f3900000,0x00000000f3900000,0x00000000f5580000)
 ParOldGen       total 127488K, used 52986K [0x00000000a0000000, 0x00000000a7c80000, 0x00000000e0000000)
  object space 127488K, 41% used [0x00000000a0000000,0x00000000a33bebe0,0x00000000a7c80000)
 Metaspace       used 93505K, capacity 98382K, committed 98600K, reserved 1134592K
  class space    used 12475K, capacity 13382K, committed 13488K, reserved 1048576K
Event: 453.938 GC heap after
Heap after GC invocations=21 (full 4):
 PSYoungGen      total 278016K, used 0K [0x00000000e0000000, 0x00000000f5580000, 0x0000000100000000)
  eden space 249856K, 0% used [0x00000000e0000000,0x00000000e0000000,0x00000000ef400000)
  from space 28160K, 0% used [0x00000000ef400000,0x00000000ef400000,0x00000000f0f80000)
  to   space 29184K, 0% used [0x00000000f3900000,0x00000000f3900000,0x00000000f5580000)
 ParOldGen       total 183808K, used 51724K [0x00000000a0000000, 0x00000000ab380000, 0x00000000e0000000)
  object space 183808K, 28% used [0x00000000a0000000,0x00000000a32832f0,0x00000000ab380000)
 Metaspace       used 93220K, capacity 97588K, committed 98600K, reserved 1134592K
  class space    used 12377K, capacity 13209K, committed 13488K, reserved 1048576K
}

