# JRE version: OpenJDK Runtime Environment (8.0_242-b01) (build 1.8.0_242-release-1644-b01)
# Java VM: OpenJDK 64-Bit Server VM (25.242-b01 mixed mode windows-amd64 compressed oops)
Heap:
 PSYoungGen      total 303104K, used 127639K [0x00000000e0000000, 0x00000000f4f80000, 0x0000000100000000)
  eden space 275968K, 44% used [0x00000000e0000000,0x00000000e77fcd58,0x00000000f0d80000)
  from space 27136K, 17% used [0x00000000f2400000,0x00000000f28a8fa8,0x00000000f3e80000)
  to   space 23040K, 0% used [0x00000000f0d80000,0x00000000f0d80000,0x00000000f2400000)
 ParOldGen       total 170496K, used 103300K [0x00000000a0000000, 0x00000000aa680000, 0x00000000e0000000)
  object space 170496K, 60% used [0x00000000a0000000,0x00000000a64e1320,0x00000000aa680000)
 Metaspace       used 83600K, capacity 87226K, committed 87384K, reserved 1124352K
  class space    used 11140K, capacity 11836K, committed 11904K, reserved 1048576K
GC Heap History (10 events):
Event: 101.930 GC heap before
{Heap before GC invocations=50 (full 4):
 PSYoungGen      total 273408K, used 246507K [0x00000000e0000000, 0x00000000f3e80000, 0x0000000100000000)
  eden space 244736K, 100% used [0x00000000e0000000,0x00000000eef00000,0x00000000eef00000)
  from space 28672K, 6% used [0x00000000eef00000,0x00000000ef0bae60,0x00000000f0b00000)
  to   space 27136K, 0% used [0x00000000f2400000,0x00000000f2400000,0x00000000f3e80000)
 ParOldGen       total 170496K, used 83599K [0x00000000a0000000, 0x00000000aa680000, 0x00000000e0000000)
  object space 170496K, 49% used [0x00000000a0000000,0x00000000a51a3db0,0x00000000aa680000)
 Metaspace       used 83127K, capacity 86620K, committed 86872K, reserved 1124352K
  class space    used 11090K, capacity 11781K, committed 11904K, reserved 1048576K
Event: 101.977 GC heap after
Heap after GC invocations=50 (full 4):
 PSYoungGen      total 297472K, used 15295K [0x00000000e0000000, 0x00000000f4580000, 0x0000000100000000)
  eden space 270336K, 0% used [0x00000000e0000000,0x00000000e0000000,0x00000000f0800000)
  from space 27136K, 56% used [0x00000000f2400000,0x00000000f32efc18,0x00000000f3e80000)
  to   space 28672K, 0% used [0x00000000f0800000,0x00000000f0800000,0x00000000f2400000)
 ParOldGen       total 170496K, used 84336K [0x00000000a0000000, 0x00000000aa680000, 0x00000000e0000000)
  object space 170496K, 49% used [0x00000000a0000000,0x00000000a525c278,0x00000000aa680000)
 Metaspace       used 83127K, capacity 86620K, committed 86872K, reserved 1124352K
  class space    used 11090K, capacity 11781K, committed 11904K, reserved 1048576K
}
Event: 103.346 GC heap before
{Heap before GC invocations=51 (full 4):
 PSYoungGen      total 297472K, used 285631K [0x00000000e0000000, 0x00000000f4580000, 0x0000000100000000)
  eden space 270336K, 100% used [0x00000000e0000000,0x00000000f0800000,0x00000000f0800000)
  from space 27136K, 56% used [0x00000000f2400000,0x00000000f32efc18,0x00000000f3e80000)
  to   space 28672K, 0% used [0x00000000f0800000,0x00000000f0800000,0x00000000f2400000)
 ParOldGen       total 170496K, used 84336K [0x00000000a0000000, 0x00000000aa680000, 0x00000000e0000000)
  object space 170496K, 49% used [0x00000000a0000000,0x00000000a525c278,0x00000000aa680000)
 Metaspace       used 83137K, capacity 86684K, committed 86872K, reserved 1124352K
  class space    used 11090K, capacity 11781K, committed 11904K, reserved 1048576K
Event: 103.368 GC heap after
Heap after GC invocations=51 (full 4):
 PSYoungGen      total 299008K, used 1500K [0x00000000e0000000, 0x00000000f4580000, 0x0000000100000000)
  eden space 270336K, 0% used [0x00000000e0000000,0x00000000e0000000,0x00000000f0800000)
  from space 28672K, 5% used [0x00000000f0800000,0x00000000f09772a0,0x00000000f2400000)
  to   space 27136K, 0% used [0x00000000f2400000,0x00000000f2400000,0x00000000f3e80000)
 ParOldGen       total 170496K, used 97482K [0x00000000a0000000, 0x00000000aa680000, 0x00000000e0000000)
  object space 170496K, 57% used [0x00000000a0000000,0x00000000a5f32908,0x00000000aa680000)
 Metaspace       used 83137K, capacity 86684K, committed 86872K, reserved 1124352K
  class space    used 11090K, capacity 11781K, committed 11904K, reserved 1048576K
}
Event: 104.851 GC heap before
{Heap before GC invocations=52 (full 4):
 PSYoungGen      total 299008K, used 271836K [0x00000000e0000000, 0x00000000f4580000, 0x0000000100000000)
  eden space 270336K, 100% used [0x00000000e0000000,0x00000000f0800000,0x00000000f0800000)
  from space 28672K, 5% used [0x00000000f0800000,0x00000000f09772a0,0x00000000f2400000)
  to   space 27136K, 0% used [0x00000000f2400000,0x00000000f2400000,0x00000000f3e80000)
 ParOldGen       total 170496K, used 97482K [0x00000000a0000000, 0x00000000aa680000, 0x00000000e0000000)
  object space 170496K, 57% used [0x00000000a0000000,0x00000000a5f32908,0x00000000aa680000)
 Metaspace       used 83150K, capacity 86688K, committed 86872K, reserved 1124352K
  class space    used 11090K, capacity 11781K, committed 11904K, reserved 1048576K
Event: 104.871 GC heap after
Heap after GC invocations=52 (full 4):
 PSYoungGen      total 297472K, used 3232K [0x00000000e0000000, 0x00000000f4580000, 0x0000000100000000)
  eden space 270336K, 0% used [0x00000000e0000000,0x00000000e0000000,0x00000000f0800000)
  from space 27136K, 11% used [0x00000000f2400000,0x00000000f2728000,0x00000000f3e80000)
  to   space 28672K, 0% used [0x00000000f0800000,0x00000000f0800000,0x00000000f2400000)
 ParOldGen       total 170496K, used 98571K [0x00000000a0000000, 0x00000000aa680000, 0x00000000e0000000)
  object space 170496K, 57% used [0x00000000a0000000,0x00000000a6042c60,0x00000000aa680000)
 Metaspace       used 83150K, capacity 86688K, committed 86872K, reserved 1124352K
  class space    used 11090K, capacity 11781K, committed 11904K, reserved 1048576K
}
Event: 106.762 GC heap before
{Heap before GC invocations=53 (full 4):
 PSYoungGen      total 297472K, used 273568K [0x00000000e0000000, 0x00000000f4580000, 0x0000000100000000)
  eden space 270336K, 100% used [0x00000000e0000000,0x00000000f0800000,0x00000000f0800000)
  from space 27136K, 11% used [0x00000000f2400000,0x00000000f2728000,0x00000000f3e80000)
  to   space 28672K, 0% used [0x00000000f0800000,0x00000000f0800000,0x00000000f2400000)
 ParOldGen       total 170496K, used 98571K [0x00000000a0000000, 0x00000000aa680000, 0x00000000e0000000)
  object space 170496K, 57% used [0x00000000a0000000,0x00000000a6042c60,0x00000000aa680000)
 Metaspace       used 83179K, capacity 86690K, committed 86872K, reserved 1124352K
  class space    used 11091K, capacity 11782K, committed 11904K, reserved 1048576K
Event: 106.776 GC heap after
Heap after GC invocations=53 (full 4):
 PSYoungGen      total 299008K, used 2653K [0x00000000e0000000, 0x00000000f4580000, 0x0000000100000000)
  eden space 270336K, 0% used [0x00000000e0000000,0x00000000e0000000,0x00000000f0800000)
  from space 28672K, 9% used [0x00000000f0800000,0x00000000f0a97718,0x00000000f2400000)
  to   space 27136K, 0% used [0x00000000f2400000,0x00000000f2400000,0x00000000f3e80000)
 ParOldGen       total 170496K, used 101107K [0x00000000a0000000, 0x00000000aa680000, 0x00000000e0000000)
  object space 170496K, 59% used [0x00000000a0000000,0x00000000a62bcc60,0x00000000aa680000)
 Metaspace       used 83179K, capacity 86690K, committed 86872K, reserved 1124352K
  class space    used 11091K, capacity 11782K, committed 11904K, reserved 1048576K
}
Event: 108.492 GC heap before
{Heap before GC invocations=54 (full 4):
 PSYoungGen      total 299008K, used 272989K [0x00000000e0000000, 0x00000000f4580000, 0x0000000100000000)
  eden space 270336K, 100% used [0x00000000e0000000,0x00000000f0800000,0x00000000f0800000)
  from space 28672K, 9% used [0x00000000f0800000,0x00000000f0a97718,0x00000000f2400000)
  to   space 27136K, 0% used [0x00000000f2400000,0x00000000f2400000,0x00000000f3e80000)
 ParOldGen       total 170496K, used 101107K [0x00000000a0000000, 0x00000000aa680000, 0x00000000e0000000)
  object space 170496K, 59% used [0x00000000a0000000,0x00000000a62bcc60,0x00000000aa680000)
 Metaspace       used 83284K, capacity 86778K, committed 87128K, reserved 1124352K
  class space    used 11102K, capacity 11786K, committed 11904K, reserved 1048576K
Event: 108.511 GC heap after
Heap after GC invocations=54 (full 4):
 PSYoungGen      total 303104K, used 4771K [0x00000000e0000000, 0x00000000f4f80000, 0x0000000100000000)
  eden space 275968K, 0% used [0x00000000e0000000,0x00000000e0000000,0x00000000f0d80000)
  from space 27136K, 17% used [0x00000000f2400000,0x00000000f28a8fa8,0x00000000f3e80000)
  to   space 23040K, 0% used [0x00000000f0d80000,0x00000000f0d80000,0x00000000f2400000)
 ParOldGen       total 170496K, used 103300K [0x00000000a0000000, 0x00000000aa680000, 0x00000000e0000000)
  object space 170496K, 60% used [0x00000000a0000000,0x00000000a64e1320,0x00000000aa680000)
 Metaspace       used 83284K, capacity 86778K, committed 87128K, reserved 1124352K
  class space    used 11102K, capacity 11786K, committed 11904K, reserved 1048576K
}

