# JRE version: OpenJDK Runtime Environment (8.0_242-b01) (build 1.8.0_242-release-1644-b01)
# Java VM: OpenJDK 64-Bit Server VM (25.242-b01 mixed mode windows-amd64 compressed oops)
Heap:
 PSYoungGen      total 477184K, used 85105K [0x00000000e0000000, 0x00000000ff480000, 0x0000000100000000)
  eden space 457216K, 14% used [0x00000000e0000000,0x00000000e3f9da60,0x00000000fbe80000)
  from space 19968K, 99% used [0x00000000fbe80000,0x00000000fd1fea98,0x00000000fd200000)
  to   space 20480K, 0% used [0x00000000fd200000,0x00000000fd200000,0x00000000fe600000)
 ParOldGen       total 101888K, used 43538K [0x00000000a0000000, 0x00000000a6380000, 0x00000000e0000000)
  object space 101888K, 42% used [0x00000000a0000000,0x00000000a2a84840,0x00000000a6380000)
 Metaspace       used 76332K, capacity 79538K, committed 79664K, reserved 1118208K
  class space    used 10141K, capacity 10736K, committed 10800K, reserved 1048576K
GC Heap History (10 events):
Event: 13.543 GC heap before
{Heap before GC invocations=12 (full 2):
 PSYoungGen      total 240640K, used 225792K [0x00000000e0000000, 0x00000000f7080000, 0x0000000100000000)
  eden space 225792K, 100% used [0x00000000e0000000,0x00000000edc80000,0x00000000edc80000)
  from space 14848K, 0% used [0x00000000edc80000,0x00000000edc80000,0x00000000eeb00000)
  to   space 14848K, 0% used [0x00000000f6200000,0x00000000f6200000,0x00000000f7080000)
 ParOldGen       total 65024K, used 12566K [0x00000000a0000000, 0x00000000a3f80000, 0x00000000e0000000)
  object space 65024K, 19% used [0x00000000a0000000,0x00000000a0c45948,0x00000000a3f80000)
 Metaspace       used 34976K, capacity 35902K, committed 36144K, reserved 1081344K
  class space    used 4626K, capacity 4887K, committed 4912K, reserved 1048576K
Event: 13.550 GC heap after
Heap after GC invocations=12 (full 2):
 PSYoungGen      total 332288K, used 7269K [0x00000000e0000000, 0x00000000f6980000, 0x0000000100000000)
  eden space 324608K, 0% used [0x00000000e0000000,0x00000000e0000000,0x00000000f3d00000)
  from space 7680K, 94% used [0x00000000f6200000,0x00000000f6919698,0x00000000f6980000)
  to   space 14336K, 0% used [0x00000000f4d80000,0x00000000f4d80000,0x00000000f5b80000)
 ParOldGen       total 65024K, used 12574K [0x00000000a0000000, 0x00000000a3f80000, 0x00000000e0000000)
  object space 65024K, 19% used [0x00000000a0000000,0x00000000a0c47948,0x00000000a3f80000)
 Metaspace       used 34976K, capacity 35902K, committed 36144K, reserved 1081344K
  class space    used 4626K, capacity 4887K, committed 4912K, reserved 1048576K
}
Event: 20.860 GC heap before
{Heap before GC invocations=13 (full 2):
 PSYoungGen      total 332288K, used 331877K [0x00000000e0000000, 0x00000000f6980000, 0x0000000100000000)
  eden space 324608K, 100% used [0x00000000e0000000,0x00000000f3d00000,0x00000000f3d00000)
  from space 7680K, 94% used [0x00000000f6200000,0x00000000f6919698,0x00000000f6980000)
  to   space 14336K, 0% used [0x00000000f4d80000,0x00000000f4d80000,0x00000000f5b80000)
 ParOldGen       total 65024K, used 12574K [0x00000000a0000000, 0x00000000a3f80000, 0x00000000e0000000)
  object space 65024K, 19% used [0x00000000a0000000,0x00000000a0c47948,0x00000000a3f80000)
 Metaspace       used 51382K, capacity 53312K, committed 53552K, reserved 1095680K
  class space    used 6778K, capacity 7176K, committed 7216K, reserved 1048576K
Event: 20.885 GC heap after
Heap after GC invocations=13 (full 2):
 PSYoungGen      total 355840K, used 14313K [0x00000000e0000000, 0x00000000fe600000, 0x0000000100000000)
  eden space 341504K, 0% used [0x00000000e0000000,0x00000000e0000000,0x00000000f4d80000)
  from space 14336K, 99% used [0x00000000f4d80000,0x00000000f5b7a5e0,0x00000000f5b80000)
  to   space 20480K, 0% used [0x00000000fd200000,0x00000000fd200000,0x00000000fe600000)
 ParOldGen       total 65024K, used 24699K [0x00000000a0000000, 0x00000000a3f80000, 0x00000000e0000000)
  object space 65024K, 37% used [0x00000000a0000000,0x00000000a181efc8,0x00000000a3f80000)
 Metaspace       used 51382K, capacity 53312K, committed 53552K, reserved 1095680K
  class space    used 6778K, capacity 7176K, committed 7216K, reserved 1048576K
}
Event: 23.348 GC heap before
{Heap before GC invocations=14 (full 2):
 PSYoungGen      total 355840K, used 75147K [0x00000000e0000000, 0x00000000fe600000, 0x0000000100000000)
  eden space 341504K, 17% used [0x00000000e0000000,0x00000000e3b68900,0x00000000f4d80000)
  from space 14336K, 99% used [0x00000000f4d80000,0x00000000f5b7a5e0,0x00000000f5b80000)
  to   space 20480K, 0% used [0x00000000fd200000,0x00000000fd200000,0x00000000fe600000)
 ParOldGen       total 65024K, used 24699K [0x00000000a0000000, 0x00000000a3f80000, 0x00000000e0000000)
  object space 65024K, 37% used [0x00000000a0000000,0x00000000a181efc8,0x00000000a3f80000)
 Metaspace       used 56860K, capacity 59044K, committed 59160K, reserved 1099776K
  class space    used 7567K, capacity 8055K, committed 8112K, reserved 1048576K
Event: 23.370 GC heap after
Heap after GC invocations=14 (full 2):
 PSYoungGen      total 477696K, used 7306K [0x00000000e0000000, 0x00000000ff480000, 0x0000000100000000)
  eden space 457216K, 0% used [0x00000000e0000000,0x00000000e0000000,0x00000000fbe80000)
  from space 20480K, 35% used [0x00000000fd200000,0x00000000fd922bb8,0x00000000fe600000)
  to   space 19968K, 0% used [0x00000000fbe80000,0x00000000fbe80000,0x00000000fd200000)
 ParOldGen       total 65024K, used 36671K [0x00000000a0000000, 0x00000000a3f80000, 0x00000000e0000000)
  object space 65024K, 56% used [0x00000000a0000000,0x00000000a23cfe98,0x00000000a3f80000)
 Metaspace       used 56860K, capacity 59044K, committed 59160K, reserved 1099776K
  class space    used 7567K, capacity 8055K, committed 8112K, reserved 1048576K
}
Event: 23.370 GC heap before
{Heap before GC invocations=15 (full 3):
 PSYoungGen      total 477696K, used 7306K [0x00000000e0000000, 0x00000000ff480000, 0x0000000100000000)
  eden space 457216K, 0% used [0x00000000e0000000,0x00000000e0000000,0x00000000fbe80000)
  from space 20480K, 35% used [0x00000000fd200000,0x00000000fd922bb8,0x00000000fe600000)
  to   space 19968K, 0% used [0x00000000fbe80000,0x00000000fbe80000,0x00000000fd200000)
 ParOldGen       total 65024K, used 36671K [0x00000000a0000000, 0x00000000a3f80000, 0x00000000e0000000)
  object space 65024K, 56% used [0x00000000a0000000,0x00000000a23cfe98,0x00000000a3f80000)
 Metaspace       used 56860K, capacity 59044K, committed 59160K, reserved 1099776K
  class space    used 7567K, capacity 8055K, committed 8112K, reserved 1048576K
Event: 23.560 GC heap after
Heap after GC invocations=15 (full 3):
 PSYoungGen      total 477696K, used 0K [0x00000000e0000000, 0x00000000ff480000, 0x0000000100000000)
  eden space 457216K, 0% used [0x00000000e0000000,0x00000000e0000000,0x00000000fbe80000)
  from space 20480K, 0% used [0x00000000fd200000,0x00000000fd200000,0x00000000fe600000)
  to   space 19968K, 0% used [0x00000000fbe80000,0x00000000fbe80000,0x00000000fd200000)
 ParOldGen       total 101888K, used 31763K [0x00000000a0000000, 0x00000000a6380000, 0x00000000e0000000)
  object space 101888K, 31% used [0x00000000a0000000,0x00000000a1f04d20,0x00000000a6380000)
 Metaspace       used 56734K, capacity 58762K, committed 59160K, reserved 1099776K
  class space    used 7531K, capacity 8011K, committed 8112K, reserved 1048576K
}
Event: 50.699 GC heap before
{Heap before GC invocations=16 (full 3):
 PSYoungGen      total 477696K, used 457216K [0x00000000e0000000, 0x00000000ff480000, 0x0000000100000000)
  eden space 457216K, 100% used [0x00000000e0000000,0x00000000fbe80000,0x00000000fbe80000)
  from space 20480K, 0% used [0x00000000fd200000,0x00000000fd200000,0x00000000fe600000)
  to   space 19968K, 0% used [0x00000000fbe80000,0x00000000fbe80000,0x00000000fd200000)
 ParOldGen       total 101888K, used 31763K [0x00000000a0000000, 0x00000000a6380000, 0x00000000e0000000)
  object space 101888K, 31% used [0x00000000a0000000,0x00000000a1f04d20,0x00000000a6380000)
 Metaspace       used 75840K, capacity 78994K, committed 79152K, reserved 1118208K
  class space    used 10096K, capacity 10704K, committed 10800K, reserved 1048576K
Event: 50.745 GC heap after
Heap after GC invocations=16 (full 3):
 PSYoungGen      total 477184K, used 19962K [0x00000000e0000000, 0x00000000ff480000, 0x0000000100000000)
  eden space 457216K, 0% used [0x00000000e0000000,0x00000000e0000000,0x00000000fbe80000)
  from space 19968K, 99% used [0x00000000fbe80000,0x00000000fd1fea98,0x00000000fd200000)
  to   space 20480K, 0% used [0x00000000fd200000,0x00000000fd200000,0x00000000fe600000)
 ParOldGen       total 101888K, used 43538K [0x00000000a0000000, 0x00000000a6380000, 0x00000000e0000000)
  object space 101888K, 42% used [0x00000000a0000000,0x00000000a2a84840,0x00000000a6380000)
 Metaspace       used 75840K, capacity 78994K, committed 79152K, reserved 1118208K
  class space    used 10096K, capacity 10704K, committed 10800K, reserved 1048576K
}

